<?xml version="1.0" encoding="UTF-8"?>
<testng-results ignored="0" total="1" passed="1" failed="0" skipped="0">
  <reporter-output>
  </reporter-output>
  <suite started-at="2025-04-29T08:56:09 PST" name="Suite" finished-at="2025-04-29T08:56:23 PST" duration-ms="13509">
    <groups>
    </groups>
    <test started-at="2025-04-29T08:56:09 PST" name="Test" finished-at="2025-04-29T08:56:23 PST" duration-ms="13509">
      <class name="TestCases.AccountLogin">
        <test-method is-config="true" signature="setup(java.lang.String)[pri:0, instance:TestCases.AccountLogin@34e9fd99]" started-at="2025-04-29T08:56:09 PST" name="setup" finished-at="2025-04-29T08:56:16 PST" duration-ms="7007" status="PASS">
          <params>
            <param index="0">
              <value>
                <![CDATA[Chrome]]>
              </value>
            </param>
          </params>
          <reporter-output>
          </reporter-output>
        </test-method> <!-- setup -->
        <test-method signature="verify_login()[pri:0, instance:TestCases.AccountLogin@34e9fd99]" started-at="2025-04-29T08:56:16 PST" name="verify_login" finished-at="2025-04-29T08:56:22 PST" duration-ms="6036" status="PASS">
          <reporter-output>
          </reporter-output>
        </test-method> <!-- verify_login -->
        <test-method is-config="true" signature="tearDown()[pri:0, instance:TestCases.AccountLogin@34e9fd99]" started-at="2025-04-29T08:56:22 PST" name="tearDown" finished-at="2025-04-29T08:56:23 PST" duration-ms="391" status="PASS">
          <reporter-output>
          </reporter-output>
        </test-method> <!-- tearDown -->
      </class> <!-- TestCases.AccountLogin -->
    </test> <!-- Test -->
  </suite> <!-- Suite -->
</testng-results>
