<?xml version="1.0" encoding="UTF-8"?>
<testng-results ignored="0" total="1" passed="1" failed="0" skipped="0">
  <reporter-output>
  </reporter-output>
  <suite started-at="2025-04-29T14:22:58 PST" name="Suite" finished-at="2025-04-29T14:23:32 PST" duration-ms="33355">
    <groups>
    </groups>
    <test started-at="2025-04-29T14:22:58 PST" name="Test" finished-at="2025-04-29T14:23:32 PST" duration-ms="33355">
      <class name="TestCases.PropelLicenseDL">
        <test-method is-config="true" signature="setup(java.lang.String)[pri:0, instance:TestCases.PropelLicenseDL@38425407]" started-at="2025-04-29T14:22:59 PST" name="setup" finished-at="2025-04-29T14:23:11 PST" duration-ms="12375" status="PASS">
          <params>
            <param index="0">
              <value>
                <![CDATA[Chrome]]>
              </value>
            </param>
          </params>
          <reporter-output>
          </reporter-output>
        </test-method> <!-- setup -->
        <test-method signature="checkPropelLicense()[pri:0, instance:TestCases.PropelLicenseDL@38425407]" started-at="2025-04-29T14:23:11 PST" name="checkPropelLicense" finished-at="2025-04-29T14:23:32 PST" duration-ms="20506" status="PASS">
          <reporter-output>
          </reporter-output>
        </test-method> <!-- checkPropelLicense -->
      </class> <!-- TestCases.PropelLicenseDL -->
    </test> <!-- Test -->
  </suite> <!-- Suite -->
</testng-results>
